<?xml version="1.0" encoding="UTF-8"?>
<!-- Generated by org.testng.reporters.JUnitReportReporter -->
<testsuite hostname="DESKTOP-11MTSOP" failures="0" tests="4" name="org.sdet38.dataprovider.BookTicket3D" time="0.012" errors="0" timestamp="2022-08-13T12:07:28 IST" skipped="0">
  <testcase classname="org.sdet38.dataprovider.BookTicket3D" name="BookTicket" time="0.001"/>
  <system-out/>
  <testcase classname="org.sdet38.dataprovider.BookTicket3D" name="BookTicket" time="0.008"/>
  <system-out/>
  <testcase classname="org.sdet38.dataprovider.BookTicket3D" name="BookTicket" time="0.002"/>
  <system-out/>
  <testcase classname="org.sdet38.dataprovider.BookTicket3D" name="BookTicket" time="0.001"/>
  <system-out/>
</testsuite> <!-- org.sdet38.dataprovider.BookTicket3D -->
