<?xml version="1.0" encoding="UTF-8"?>
<!-- Generated by org.testng.reporters.JUnitReportReporter -->
<testsuite hostname="DESKTOP-11MTSOP" failures="0" tests="1" name="com.PRODUCT.CreateNewProductTest" time="27.268" errors="0" timestamp="2022-08-25T10:28:36 IST" skipped="0">
  <testcase classname="com.PRODUCT.CreateNewProductTest" name="createNewProduct" time="27.268"/>
  <system-out/>
</testsuite> <!-- com.PRODUCT.CreateNewProductTest -->
