<?xml version="1.0" encoding="UTF-8"?>
<!-- Generated by org.testng.reporters.JUnitReportReporter -->
<testsuite hostname="DESKTOP-11MTSOP" failures="0" tests="3" name="com.BUSINESSWORKFLOW.TC_BW_02Test" time="42.860" errors="0" timestamp="2022-08-25T10:28:36 IST" skipped="0">
  <testcase classname="com.BUSINESSWORKFLOW.TC_BW_02Test" name="createSales" time="16.983"/>
  <system-out/>
  <testcase classname="com.BUSINESSWORKFLOW.TC_BW_02Test" name="createProd" time="13.463"/>
  <system-out/>
  <testcase classname="com.BUSINESSWORKFLOW.TC_BW_02Test" name="createOrg" time="12.414"/>
  <system-out/>
</testsuite> <!-- com.BUSINESSWORKFLOW.TC_BW_02Test -->
