<?xml version="1.0" encoding="UTF-8"?>
<!-- Generated by org.testng.reporters.JUnitReportReporter -->
<testsuite hostname="DESKTOP-11MTSOP" failures="0" tests="1" name="org.sdet38.practice.TrialAssert" time="8.859" errors="0" timestamp="2022-08-19T16:41:51 IST" skipped="0">
  <testcase classname="org.sdet38.practice.TrialAssert" name="sampleAssert" time="8.859"/>
  <system-out/>
</testsuite> <!-- org.sdet38.practice.TrialAssert -->
