<?xml version="1.0" encoding="UTF-8"?>
<!-- Generated by org.testng.reporters.JUnitReportReporter -->
<testsuite hostname="DESKTOP-11MTSOP" failures="0" tests="1" name="com.LEAD.CreateNewLeadTest" time="15.743" errors="0" timestamp="2022-08-25T10:28:36 IST" skipped="0">
  <testcase classname="com.LEAD.CreateNewLeadTest" name="createLead" time="15.743"/>
  <system-out/>
</testsuite> <!-- com.LEAD.CreateNewLeadTest -->
