<?xml version="1.0" encoding="UTF-8"?>
<!-- Generated by org.testng.reporters.JUnitReportReporter -->
<testsuite hostname="DESKTOP-11MTSOP" failures="0" tests="1" name="com.PRODUCT.scrollBy" time="9.227" errors="0" timestamp="2022-08-23T15:18:14 IST" skipped="0">
  <testcase classname="com.PRODUCT.scrollBy" name="sc" time="9.227"/>
  <system-out/>
</testsuite> <!-- com.PRODUCT.scrollBy -->
