<?xml version="1.0" encoding="UTF-8"?>
<!-- Generated by org.testng.reporters.JUnitReportReporter -->
<testsuite hostname="DESKTOP-11MTSOP" failures="0" tests="2" name="com.OPPORTUNITY.VerifyDataFlowBtwnContactsAndOpportunityTest" time="29.508" errors="0" timestamp="2022-08-25T10:28:36 IST" skipped="0">
  <testcase classname="com.OPPORTUNITY.VerifyDataFlowBtwnContactsAndOpportunityTest" name="preconditionCreateContact" time="16.439"/>
  <system-out/>
  <testcase classname="com.OPPORTUNITY.VerifyDataFlowBtwnContactsAndOpportunityTest" name="verifyDataFlowBtwnContactAndOpportuniy" time="13.069"/>
  <system-out/>
</testsuite> <!-- com.OPPORTUNITY.VerifyDataFlowBtwnContactsAndOpportunityTest -->
