<?xml version="1.0" encoding="UTF-8"?>
<!-- Generated by org.testng.reporters.JUnitReportReporter -->
<testsuite hostname="DESKTOP-11MTSOP" failures="0" tests="4" name="org.sdet38.practice.FetchDataFromExcelSheet" time="0.013" errors="0" timestamp="2022-08-21T09:59:01 IST" skipped="0">
  <testcase classname="org.sdet38.practice.FetchDataFromExcelSheet" name="printArray" time="0.010"/>
  <system-out/>
  <testcase classname="org.sdet38.practice.FetchDataFromExcelSheet" name="printArray" time="0.001"/>
  <system-out/>
  <testcase classname="org.sdet38.practice.FetchDataFromExcelSheet" name="printArray" time="0.001"/>
  <system-out/>
  <testcase classname="org.sdet38.practice.FetchDataFromExcelSheet" name="printArray" time="0.001"/>
  <system-out/>
</testsuite> <!-- org.sdet38.practice.FetchDataFromExcelSheet -->
