<?xml version="1.0" encoding="UTF-8"?>
<!-- Generated by org.testng.reporters.JUnitReportReporter -->
<testsuite hostname="DESKTOP-11MTSOP" failures="0" tests="5" name="org.sdet38.dataprovider.BookTicket" time="0.026" errors="0" timestamp="2022-08-13T10:44:15 IST" skipped="0">
  <testcase classname="org.sdet38.dataprovider.BookTicket" name="bookTicketTest" time="0.004"/>
  <system-out/>
  <testcase classname="org.sdet38.dataprovider.BookTicket" name="bookTicketTest" time="0.008"/>
  <system-out/>
  <testcase classname="org.sdet38.dataprovider.BookTicket" name="bookTicketTest" time="0.002"/>
  <system-out/>
  <testcase classname="org.sdet38.dataprovider.BookTicket" name="bookTicketTest" time="0.007"/>
  <system-out/>
  <testcase classname="org.sdet38.dataprovider.BookTicket" name="bookTicketTest" time="0.005"/>
  <system-out/>
</testsuite> <!-- org.sdet38.dataprovider.BookTicket -->
