<?xml version="1.0" encoding="UTF-8"?>
<!-- Generated by org.testng.reporters.JUnitReportReporter -->
<testsuite hostname="DESKTOP-11MTSOP" failures="0" tests="2" name="org.sdet38.practice.TakeScreenShot" time="8.728" errors="0" timestamp="2022-08-18T17:06:46 IST" skipped="1">
  <testcase classname="org.sdet38.practice.TakeScreenShot" name="sampleEventFiring" time="8.728"/>
  <system-out/>
  <testcase classname="org.sdet38.practice.TakeScreenShot" name="sampleScreenShot">
    <skipped/>
  </testcase> <!-- sampleScreenShot -->
  <system-out/>
</testsuite> <!-- org.sdet38.practice.TakeScreenShot -->
