<?xml version="1.0" encoding="UTF-8"?>
<!-- Generated by org.testng.reporters.JUnitReportReporter -->
<testsuite hostname="DESKTOP-11MTSOP" failures="0" tests="1" name="com.CAMPAIGN.DuplicateCampaignTest" time="23.974" errors="0" timestamp="2022-08-25T10:28:36 IST" skipped="0">
  <testcase classname="com.CAMPAIGN.DuplicateCampaignTest" name="duplicateCampaignTest" time="23.974"/>
  <system-out/>
</testsuite> <!-- com.CAMPAIGN.DuplicateCampaignTest -->
